build/app/intermediates/manifest_merge_blame_file/debug/manifest-merger-blame-debug-report.txt
1<?xml version="1.0" encoding="utf-8"?>
2<manifest xmlns:android="http://schemas.android.com/apk/res/android"
3    package="com.example.login_user"
4    android:versionCode="1"
5    android:versionName="1.0.0" >
6
7    <uses-sdk
8        android:minSdkVersion="21"
9        android:targetSdkVersion="29" />
10    <!--
11         Flutter needs it to communicate with the running application
12         to allow setting breakpoints, to provide hot reload, etc.
13    -->
14    <uses-permission android:name="android.permission.INTERNET" />
14-->src/main/AndroidManifest.xml:3:5-66
14-->src/main/AndroidManifest.xml:3:22-64
15    <uses-permission android:name="android.permission.READ_EXTERNAL_STORAGE" />
15-->[:file_picker] AndroidManifest.xml:7:5-80
15-->[:file_picker] AndroidManifest.xml:7:22-77
16    <uses-permission android:name="android.permission.WRITE_EXTERNAL_STORAGE" />
16-->[:image_picker] AndroidManifest.xml:8:5-81
16-->[:image_picker] AndroidManifest.xml:8:22-78
17    <uses-permission android:name="android.permission.CAMERA" />
17-->[:camera] AndroidManifest.xml:7:5-65
17-->[:camera] AndroidManifest.xml:7:22-62
18    <uses-permission android:name="android.permission.RECORD_AUDIO" /> <!-- Although the *SdkVersion is captured in gradle build files, this is required for non gradle builds -->
18-->[:camera] AndroidManifest.xml:8:5-71
18-->[:camera] AndroidManifest.xml:8:22-68
19    <!-- <uses-sdk android:minSdkVersion="14"/> -->
20    <uses-permission android:name="android.permission.ACCESS_NETWORK_STATE" />
20-->[com.google.firebase:firebase-storage:19.2.0] AndroidManifest.xml:26:5-79
20-->[com.google.firebase:firebase-storage:19.2.0] AndroidManifest.xml:26:22-76
21    <uses-permission android:name="android.permission.WAKE_LOCK" />
21-->[com.google.android.gms:play-services-measurement:17.5.0] AndroidManifest.xml:25:5-68
21-->[com.google.android.gms:play-services-measurement:17.5.0] AndroidManifest.xml:25:22-65
22    <uses-permission android:name="com.google.android.finsky.permission.BIND_GET_INSTALL_REFERRER_SERVICE" />
22-->[com.google.android.gms:play-services-measurement:17.5.0] AndroidManifest.xml:26:5-110
22-->[com.google.android.gms:play-services-measurement:17.5.0] AndroidManifest.xml:26:22-107
23    <!--
24 io.flutter.app.FlutterApplication is an android.app.Application that
25         calls FlutterMain.startInitialization(this); in its onCreate method.
26         In most cases you can leave this as-is, but you if you want to provide
27         additional functionality it is fine to subclass or reimplement
28         FlutterApplication and put your custom class here.
29    -->
30    <application
30-->src/main/AndroidManifest.xml:9:5-49:19
31        android:name="io.flutter.app.FlutterApplication"
31-->src/main/AndroidManifest.xml:10:9-57
32        android:appComponentFactory="androidx.core.app.CoreComponentFactory"
32-->[androidx.core:core:1.1.0] AndroidManifest.xml:24:18-86
33        android:debuggable="true"
34        android:icon="@mipmap/ic_launcher"
34-->src/main/AndroidManifest.xml:12:9-43
35        android:label="login_user"
35-->src/main/AndroidManifest.xml:11:9-35
36        android:requestLegacyExternalStorage="true" >
36-->src/main/AndroidManifest.xml:13:9-52
37        <activity
37-->src/main/AndroidManifest.xml:15:9-43:20
38            android:name="com.example.login_user.MainActivity"
38-->src/main/AndroidManifest.xml:16:13-41
39            android:configChanges="orientation|keyboardHidden|keyboard|screenSize|smallestScreenSize|locale|layoutDirection|fontScale|screenLayout|density|uiMode"
39-->src/main/AndroidManifest.xml:19:13-163
40            android:hardwareAccelerated="true"
40-->src/main/AndroidManifest.xml:20:13-47
41            android:launchMode="singleTop"
41-->src/main/AndroidManifest.xml:17:13-43
42            android:theme="@style/LaunchTheme"
42-->src/main/AndroidManifest.xml:18:13-47
43            android:windowSoftInputMode="adjustPan" >
43-->src/main/AndroidManifest.xml:21:13-52
44
45            <!--
46                 Specifies an Android theme to apply to this Activity as soon as
47                 the Android process has started. This theme is visible to the user
48                 while the Flutter UI initializes. After that, this theme continues
49                 to determine the Window background behind the Flutter UI.
50            -->
51            <meta-data
51-->src/main/AndroidManifest.xml:26:13-29:17
52                android:name="io.flutter.embedding.android.NormalTheme"
52-->src/main/AndroidManifest.xml:27:15-70
53                android:resource="@style/NormalTheme" />
53-->src/main/AndroidManifest.xml:28:15-52
54            <!--
55                 Displays an Android View that continues showing the launch screen
56                 Drawable until Flutter paints its first frame, then this splash
57                 screen fades out. A splash screen is useful to avoid any visual
58                 gap between the end of Android's launch screen and the painting of
59                 Flutter's first frame.
60            -->
61            <meta-data
61-->src/main/AndroidManifest.xml:35:13-38:17
62                android:name="io.flutter.embedding.android.SplashScreenDrawable"
62-->src/main/AndroidManifest.xml:36:15-79
63                android:resource="@drawable/launch_background" />
63-->src/main/AndroidManifest.xml:37:15-61
64
65            <intent-filter>
65-->src/main/AndroidManifest.xml:39:13-42:29
66                <action android:name="android.intent.action.MAIN" />
66-->src/main/AndroidManifest.xml:40:17-68
66-->src/main/AndroidManifest.xml:40:25-66
67
68                <category android:name="android.intent.category.LAUNCHER" />
68-->src/main/AndroidManifest.xml:41:17-76
68-->src/main/AndroidManifest.xml:41:27-74
69            </intent-filter>
70        </activity>
71        <!--
72             Don't delete the meta-data below.
73             This is used by the Flutter tool to generate GeneratedPluginRegistrant.java
74        -->
75        <meta-data
75-->src/main/AndroidManifest.xml:46:9-48:33
76            android:name="flutterEmbedding"
76-->src/main/AndroidManifest.xml:47:13-44
77            android:value="2" />
77-->src/main/AndroidManifest.xml:48:13-30
78
79        <service
79-->[:firebase_storage] AndroidManifest.xml:8:9-12:19
80            android:name="com.google.firebase.components.ComponentDiscoveryService"
80-->[:firebase_storage] AndroidManifest.xml:8:18-89
81            android:directBootAware="true"
81-->[com.google.firebase:firebase-common:19.3.1] AndroidManifest.xml:35:13-43
82            android:exported="false" >
82-->[com.google.firebase:firebase-auth:19.4.0] AndroidManifest.xml:35:13-37
83            <meta-data
83-->[:firebase_storage] AndroidManifest.xml:9:13-11:85
84                android:name="com.google.firebase.components:io.flutter.plugins.firebase.storage.FlutterFirebaseAppRegistrar"
84-->[:firebase_storage] AndroidManifest.xml:10:17-126
85                android:value="com.google.firebase.components.ComponentRegistrar" />
85-->[:firebase_storage] AndroidManifest.xml:11:17-82
86            <meta-data
86-->[:cloud_firestore] AndroidManifest.xml:9:13-11:85
87                android:name="com.google.firebase.components:io.flutter.plugins.firebase.firestore.FlutterFirebaseFirestoreRegistrar"
87-->[:cloud_firestore] AndroidManifest.xml:10:17-134
88                android:value="com.google.firebase.components.ComponentRegistrar" />
88-->[:cloud_firestore] AndroidManifest.xml:11:17-82
89            <meta-data
89-->[:firebase_auth] AndroidManifest.xml:9:13-11:85
90                android:name="com.google.firebase.components:io.flutter.plugins.firebase.auth.FlutterFirebaseAuthRegistrar"
90-->[:firebase_auth] AndroidManifest.xml:10:17-124
91                android:value="com.google.firebase.components.ComponentRegistrar" />
91-->[:firebase_auth] AndroidManifest.xml:11:17-82
92            <meta-data
92-->[:firebase_core] AndroidManifest.xml:9:13-11:85
93                android:name="com.google.firebase.components:io.flutter.plugins.firebase.core.FlutterFirebaseCoreRegistrar"
93-->[:firebase_core] AndroidManifest.xml:10:17-124
94                android:value="com.google.firebase.components.ComponentRegistrar" />
94-->[:firebase_core] AndroidManifest.xml:11:17-82
95            <meta-data
95-->[com.google.firebase:firebase-auth:19.4.0] AndroidManifest.xml:36:13-38:85
96                android:name="com.google.firebase.components:com.google.firebase.auth.FirebaseAuthRegistrar"
96-->[com.google.firebase:firebase-auth:19.4.0] AndroidManifest.xml:37:17-109
97                android:value="com.google.firebase.components.ComponentRegistrar" />
97-->[com.google.firebase:firebase-auth:19.4.0] AndroidManifest.xml:38:17-82
98            <meta-data
98-->[com.google.firebase:firebase-storage:19.2.0] AndroidManifest.xml:33:13-35:85
99                android:name="com.google.firebase.components:com.google.firebase.storage.StorageRegistrar"
99-->[com.google.firebase:firebase-storage:19.2.0] AndroidManifest.xml:34:17-107
100                android:value="com.google.firebase.components.ComponentRegistrar" />
100-->[com.google.firebase:firebase-storage:19.2.0] AndroidManifest.xml:35:17-82
101            <meta-data
101-->[com.google.firebase:firebase-firestore:21.7.0] AndroidManifest.xml:20:13-22:85
102                android:name="com.google.firebase.components:com.google.firebase.firestore.FirestoreRegistrar"
102-->[com.google.firebase:firebase-firestore:21.7.0] AndroidManifest.xml:21:17-111
103                android:value="com.google.firebase.components.ComponentRegistrar" />
103-->[com.google.firebase:firebase-firestore:21.7.0] AndroidManifest.xml:22:17-82
104            <meta-data
104-->[com.google.android.gms:play-services-measurement-api:17.5.0] AndroidManifest.xml:30:13-32:85
105                android:name="com.google.firebase.components:com.google.firebase.analytics.connector.internal.AnalyticsConnectorRegistrar"
105-->[com.google.android.gms:play-services-measurement-api:17.5.0] AndroidManifest.xml:31:17-139
106                android:value="com.google.firebase.components.ComponentRegistrar" />
106-->[com.google.android.gms:play-services-measurement-api:17.5.0] AndroidManifest.xml:32:17-82
107            <meta-data
107-->[com.google.firebase:firebase-installations:16.3.2] AndroidManifest.xml:17:13-19:85
108                android:name="com.google.firebase.components:com.google.firebase.installations.FirebaseInstallationsRegistrar"
108-->[com.google.firebase:firebase-installations:16.3.2] AndroidManifest.xml:18:17-127
109                android:value="com.google.firebase.components.ComponentRegistrar" />
109-->[com.google.firebase:firebase-installations:16.3.2] AndroidManifest.xml:19:17-82
110        </service>
111
112        <provider
112-->[:image_picker] AndroidManifest.xml:11:9-19:20
113            android:name="io.flutter.plugins.imagepicker.ImagePickerFileProvider"
113-->[:image_picker] AndroidManifest.xml:12:13-82
114            android:authorities="com.example.login_user.flutter.image_provider"
114-->[:image_picker] AndroidManifest.xml:13:13-74
115            android:exported="false"
115-->[:image_picker] AndroidManifest.xml:14:13-37
116            android:grantUriPermissions="true" >
116-->[:image_picker] AndroidManifest.xml:15:13-47
117            <meta-data
117-->[:image_picker] AndroidManifest.xml:16:13-18:75
118                android:name="android.support.FILE_PROVIDER_PATHS"
118-->[:image_picker] AndroidManifest.xml:17:17-67
119                android:resource="@xml/flutter_image_picker_file_paths" />
119-->[:image_picker] AndroidManifest.xml:18:17-72
120        </provider>
121
122        <activity
122-->[com.google.firebase:firebase-auth:19.4.0] AndroidManifest.xml:24:9-31:50
123            android:name="com.google.firebase.auth.internal.FederatedSignInActivity"
123-->[com.google.firebase:firebase-auth:19.4.0] AndroidManifest.xml:25:13-85
124            android:excludeFromRecents="true"
124-->[com.google.firebase:firebase-auth:19.4.0] AndroidManifest.xml:26:13-46
125            android:exported="true"
125-->[com.google.firebase:firebase-auth:19.4.0] AndroidManifest.xml:27:13-36
126            android:launchMode="singleTask"
126-->[com.google.firebase:firebase-auth:19.4.0] AndroidManifest.xml:28:13-44
127            android:permission="com.google.firebase.auth.api.gms.permission.LAUNCH_FEDERATED_SIGN_IN"
127-->[com.google.firebase:firebase-auth:19.4.0] AndroidManifest.xml:29:13-102
128            android:theme="@android:style/Theme.Translucent.NoTitleBar" />
128-->[com.google.firebase:firebase-auth:19.4.0] AndroidManifest.xml:30:13-72
129
130        <receiver
130-->[com.google.android.gms:play-services-measurement:17.5.0] AndroidManifest.xml:29:9-33:20
131            android:name="com.google.android.gms.measurement.AppMeasurementReceiver"
131-->[com.google.android.gms:play-services-measurement:17.5.0] AndroidManifest.xml:30:13-85
132            android:enabled="true"
132-->[com.google.android.gms:play-services-measurement:17.5.0] AndroidManifest.xml:31:13-35
133            android:exported="false" >
133-->[com.google.android.gms:play-services-measurement:17.5.0] AndroidManifest.xml:32:13-37
134        </receiver>
135
136        <service
136-->[com.google.android.gms:play-services-measurement:17.5.0] AndroidManifest.xml:35:9-38:40
137            android:name="com.google.android.gms.measurement.AppMeasurementService"
137-->[com.google.android.gms:play-services-measurement:17.5.0] AndroidManifest.xml:36:13-84
138            android:enabled="true"
138-->[com.google.android.gms:play-services-measurement:17.5.0] AndroidManifest.xml:37:13-35
139            android:exported="false" />
139-->[com.google.android.gms:play-services-measurement:17.5.0] AndroidManifest.xml:38:13-37
140        <service
140-->[com.google.android.gms:play-services-measurement:17.5.0] AndroidManifest.xml:39:9-43:72
141            android:name="com.google.android.gms.measurement.AppMeasurementJobService"
141-->[com.google.android.gms:play-services-measurement:17.5.0] AndroidManifest.xml:40:13-87
142            android:enabled="true"
142-->[com.google.android.gms:play-services-measurement:17.5.0] AndroidManifest.xml:41:13-35
143            android:exported="false"
143-->[com.google.android.gms:play-services-measurement:17.5.0] AndroidManifest.xml:42:13-37
144            android:permission="android.permission.BIND_JOB_SERVICE" />
144-->[com.google.android.gms:play-services-measurement:17.5.0] AndroidManifest.xml:43:13-69
145
146        <provider
146-->[com.google.firebase:firebase-common:19.3.1] AndroidManifest.xml:26:9-31:39
147            android:name="com.google.firebase.provider.FirebaseInitProvider"
147-->[com.google.firebase:firebase-common:19.3.1] AndroidManifest.xml:27:13-77
148            android:authorities="com.example.login_user.firebaseinitprovider"
148-->[com.google.firebase:firebase-common:19.3.1] AndroidManifest.xml:28:13-72
149            android:directBootAware="true"
149-->[com.google.firebase:firebase-common:19.3.1] AndroidManifest.xml:29:13-43
150            android:exported="false"
150-->[com.google.firebase:firebase-common:19.3.1] AndroidManifest.xml:30:13-37
151            android:initOrder="100" />
151-->[com.google.firebase:firebase-common:19.3.1] AndroidManifest.xml:31:13-36
152
153        <activity
153-->[com.google.android.gms:play-services-base:17.1.0] AndroidManifest.xml:23:9-26:75
154            android:name="com.google.android.gms.common.api.GoogleApiActivity"
154-->[com.google.android.gms:play-services-base:17.1.0] AndroidManifest.xml:24:13-79
155            android:exported="false"
155-->[com.google.android.gms:play-services-base:17.1.0] AndroidManifest.xml:25:13-37
156            android:theme="@android:style/Theme.Translucent.NoTitleBar" />
156-->[com.google.android.gms:play-services-base:17.1.0] AndroidManifest.xml:26:13-72
157
158        <meta-data
158-->[com.google.android.gms:play-services-basement:17.0.0] AndroidManifest.xml:23:9-25:69
159            android:name="com.google.android.gms.version"
159-->[com.google.android.gms:play-services-basement:17.0.0] AndroidManifest.xml:24:13-58
160            android:value="@integer/google_play_services_version" />
160-->[com.google.android.gms:play-services-basement:17.0.0] AndroidManifest.xml:25:13-66
161    </application>
162
163</manifest>